Sender: LSF System <hpcadmin@hpc003.cluster.local>
Subject: Job 2028905: <bash script_alignment_virus1.sh> Done

Job <bash script_alignment_virus1.sh> was submitted from host <hpc001.cluster.local> by user <yniu> in cluster <hpc000>.
Job was executed on host(s) <20*hpc003.cluster.local>, in queue <multicore20>, as user <yniu> in cluster <hpc000>.
</home/yniu> was used as the home directory.
</netscratch/dep_psl/grp_rgo/yniu/KaWaiFlg22/scripts> was used as the working directory.
Started at Mon Jan  6 14:03:29 2020
Results reported at Mon Jan  6 16:12:49 2020

Your job looked like:

------------------------------------------------------------
# LSBATCH: User input
bash script_alignment_virus1.sh
------------------------------------------------------------

Successfully completed.

Resource usage summary:

    CPU time   : 649958.31 sec.
    Max Memory :     13654 MB
    Max Swap   :     98756 MB

    Max Processes  :        10
    Max Threads    :       131

The output (if any) follows:

Mon Jan  6 14:04:11 CET 2020
====================================
Kallisto using ath cDNA for Mock_1.

[quant] fragment length distribution will be estimated from the data
[index] k-mer length: 31
[index] number of targets: 48,361
[index] number of k-mers: 45,576,677
[index] number of equivalence classes: 93,976
[quant] running in paired-end mode
[quant] will process pair 1: /netscratch/dep_psl/grp_rgo/yniu/KaWaiFlg22/clean_data_soil/Mock_1_R1.fq.gz
                             /netscratch/dep_psl/grp_rgo/yniu/KaWaiFlg22/clean_data_soil/Mock_1_R2.fq.gz
[quant] finding pseudoalignments for the reads ... done
[quant] processed 7,877,992 reads, 7,583,859 reads pseudoaligned
[quant] estimated average fragment length: 373.635
[   em] quantifying the abundances ... done
[   em] the Expectation-Maximization algorithm ran for 918 rounds

HISAT2 using ath genome for Mock_1.
7877992 reads; of these:
  7877992 (100.00%) were paired; of these:
    436118 (5.54%) aligned concordantly 0 times
    7284581 (92.47%) aligned concordantly exactly 1 time
    157293 (2.00%) aligned concordantly >1 times
    ----
    436118 pairs aligned concordantly 0 times; of these:
      11623 (2.67%) aligned discordantly 1 time
    ----
    424495 pairs aligned 0 times concordantly or discordantly; of these:
      848990 mates make up the pairs; of these:
        519662 (61.21%) aligned 0 times
        318945 (37.57%) aligned exactly 1 time
        10383 (1.22%) aligned >1 times
96.70% overall alignment rate
[bam_sort_core] merging from 0 files and 120 in-memory blocks...
=====================================
====================================
Kallisto using ath cDNA for Mock_2.

[quant] fragment length distribution will be estimated from the data
[index] k-mer length: 31
[index] number of targets: 48,361
[index] number of k-mers: 45,576,677
[index] number of equivalence classes: 93,976
[quant] running in paired-end mode
[quant] will process pair 1: /netscratch/dep_psl/grp_rgo/yniu/KaWaiFlg22/clean_data_soil/Mock_2_R1.fq.gz
                             /netscratch/dep_psl/grp_rgo/yniu/KaWaiFlg22/clean_data_soil/Mock_2_R2.fq.gz
[quant] finding pseudoalignments for the reads ... done
[quant] processed 17,391,986 reads, 17,037,142 reads pseudoaligned
[quant] estimated average fragment length: 378.337
[   em] quantifying the abundances ... done
[   em] the Expectation-Maximization algorithm ran for 976 rounds

HISAT2 using ath genome for Mock_2.
17391986 reads; of these:
  17391986 (100.00%) were paired; of these:
    1233978 (7.10%) aligned concordantly 0 times
    15964891 (91.79%) aligned concordantly exactly 1 time
    193117 (1.11%) aligned concordantly >1 times
    ----
    1233978 pairs aligned concordantly 0 times; of these:
      42194 (3.42%) aligned discordantly 1 time
    ----
    1191784 pairs aligned 0 times concordantly or discordantly; of these:
      2383568 mates make up the pairs; of these:
        1407974 (59.07%) aligned 0 times
        963020 (40.40%) aligned exactly 1 time
        12574 (0.53%) aligned >1 times
95.95% overall alignment rate
[bam_sort_core] merging from 0 files and 120 in-memory blocks...
=====================================
====================================
Kallisto using ath cDNA for Mock_3.

[quant] fragment length distribution will be estimated from the data
[index] k-mer length: 31
[index] number of targets: 48,361
[index] number of k-mers: 45,576,677
[index] number of equivalence classes: 93,976
[quant] running in paired-end mode
[quant] will process pair 1: /netscratch/dep_psl/grp_rgo/yniu/KaWaiFlg22/clean_data_soil/Mock_3_R1.fq.gz
                             /netscratch/dep_psl/grp_rgo/yniu/KaWaiFlg22/clean_data_soil/Mock_3_R2.fq.gz
[quant] finding pseudoalignments for the reads ... done
[quant] processed 12,363,313 reads, 12,043,760 reads pseudoaligned
[quant] estimated average fragment length: 376.074
[   em] quantifying the abundances ... done
[   em] the Expectation-Maximization algorithm ran for 1,001 rounds

HISAT2 using ath genome for Mock_3.
12363313 reads; of these:
  12363313 (100.00%) were paired; of these:
    787424 (6.37%) aligned concordantly 0 times
    11419996 (92.37%) aligned concordantly exactly 1 time
    155893 (1.26%) aligned concordantly >1 times
    ----
    787424 pairs aligned concordantly 0 times; of these:
      23887 (3.03%) aligned discordantly 1 time
    ----
    763537 pairs aligned 0 times concordantly or discordantly; of these:
      1527074 mates make up the pairs; of these:
        935933 (61.29%) aligned 0 times
        580955 (38.04%) aligned exactly 1 time
        10186 (0.67%) aligned >1 times
96.21% overall alignment rate
[bam_sort_core] merging from 0 files and 120 in-memory blocks...
=====================================
====================================
Kallisto using ath cDNA for SynCom33_1.

[quant] fragment length distribution will be estimated from the data
[index] k-mer length: 31
[index] number of targets: 48,361
[index] number of k-mers: 45,576,677
[index] number of equivalence classes: 93,976
[quant] running in paired-end mode
[quant] will process pair 1: /netscratch/dep_psl/grp_rgo/yniu/KaWaiFlg22/clean_data_soil/SynCom33_1_R1.fq.gz
                             /netscratch/dep_psl/grp_rgo/yniu/KaWaiFlg22/clean_data_soil/SynCom33_1_R2.fq.gz
[quant] finding pseudoalignments for the reads ... done
[quant] processed 12,648,097 reads, 12,264,742 reads pseudoaligned
[quant] estimated average fragment length: 382.344
[   em] quantifying the abundances ... done
[   em] the Expectation-Maximization algorithm ran for 974 rounds

HISAT2 using ath genome for SynCom33_1.
12648097 reads; of these:
  12648097 (100.00%) were paired; of these:
    868259 (6.86%) aligned concordantly 0 times
    11629296 (91.95%) aligned concordantly exactly 1 time
    150542 (1.19%) aligned concordantly >1 times
    ----
    868259 pairs aligned concordantly 0 times; of these:
      33612 (3.87%) aligned discordantly 1 time
    ----
    834647 pairs aligned 0 times concordantly or discordantly; of these:
      1669294 mates make up the pairs; of these:
        1037830 (62.17%) aligned 0 times
        622735 (37.31%) aligned exactly 1 time
        8729 (0.52%) aligned >1 times
95.90% overall alignment rate
[bam_sort_core] merging from 0 files and 120 in-memory blocks...
=====================================
====================================
Kallisto using ath cDNA for SynCom33_2.

[quant] fragment length distribution will be estimated from the data
[index] k-mer length: 31
[index] number of targets: 48,361
[index] number of k-mers: 45,576,677
[index] number of equivalence classes: 93,976
[quant] running in paired-end mode
[quant] will process pair 1: /netscratch/dep_psl/grp_rgo/yniu/KaWaiFlg22/clean_data_soil/SynCom33_2_R1.fq.gz
                             /netscratch/dep_psl/grp_rgo/yniu/KaWaiFlg22/clean_data_soil/SynCom33_2_R2.fq.gz
[quant] finding pseudoalignments for the reads ... done
[quant] processed 15,210,307 reads, 15,004,094 reads pseudoaligned
[quant] estimated average fragment length: 380.313
[   em] quantifying the abundances ... done
[   em] the Expectation-Maximization algorithm ran for 967 rounds

HISAT2 using ath genome for SynCom33_2.
15210307 reads; of these:
  15210307 (100.00%) were paired; of these:
    934994 (6.15%) aligned concordantly 0 times
    14125044 (92.86%) aligned concordantly exactly 1 time
    150269 (0.99%) aligned concordantly >1 times
    ----
    934994 pairs aligned concordantly 0 times; of these:
      26507 (2.83%) aligned discordantly 1 time
    ----
    908487 pairs aligned 0 times concordantly or discordantly; of these:
      1816974 mates make up the pairs; of these:
        977689 (53.81%) aligned 0 times
        825544 (45.44%) aligned exactly 1 time
        13741 (0.76%) aligned >1 times
96.79% overall alignment rate
[bam_sort_core] merging from 0 files and 120 in-memory blocks...
=====================================
====================================
Kallisto using ath cDNA for SynCom33_3.

[quant] fragment length distribution will be estimated from the data
[index] k-mer length: 31
[index] number of targets: 48,361
[index] number of k-mers: 45,576,677
[index] number of equivalence classes: 93,976
[quant] running in paired-end mode
[quant] will process pair 1: /netscratch/dep_psl/grp_rgo/yniu/KaWaiFlg22/clean_data_soil/SynCom33_3_R1.fq.gz
                             /netscratch/dep_psl/grp_rgo/yniu/KaWaiFlg22/clean_data_soil/SynCom33_3_R2.fq.gz
[quant] finding pseudoalignments for the reads ... done
[quant] processed 12,105,344 reads, 11,859,422 reads pseudoaligned
[quant] estimated average fragment length: 379.744
[   em] quantifying the abundances ... done
[   em] the Expectation-Maximization algorithm ran for 1,000 rounds

HISAT2 using ath genome for SynCom33_3.
12105344 reads; of these:
  12105344 (100.00%) were paired; of these:
    703758 (5.81%) aligned concordantly 0 times
    11261480 (93.03%) aligned concordantly exactly 1 time
    140106 (1.16%) aligned concordantly >1 times
    ----
    703758 pairs aligned concordantly 0 times; of these:
      21267 (3.02%) aligned discordantly 1 time
    ----
    682491 pairs aligned 0 times concordantly or discordantly; of these:
      1364982 mates make up the pairs; of these:
        783611 (57.41%) aligned 0 times
        571391 (41.86%) aligned exactly 1 time
        9980 (0.73%) aligned >1 times
96.76% overall alignment rate
[bam_sort_core] merging from 0 files and 120 in-memory blocks...
=====================================
====================================
Kallisto using ath cDNA for SynCom35_1.

[quant] fragment length distribution will be estimated from the data
[index] k-mer length: 31
[index] number of targets: 48,361
[index] number of k-mers: 45,576,677
[index] number of equivalence classes: 93,976
[quant] running in paired-end mode
[quant] will process pair 1: /netscratch/dep_psl/grp_rgo/yniu/KaWaiFlg22/clean_data_soil/SynCom35_1_R1.fq.gz
                             /netscratch/dep_psl/grp_rgo/yniu/KaWaiFlg22/clean_data_soil/SynCom35_1_R2.fq.gz
[quant] finding pseudoalignments for the reads ... done
[quant] processed 10,483,412 reads, 10,216,942 reads pseudoaligned
[quant] estimated average fragment length: 373.567
[   em] quantifying the abundances ... done
[   em] the Expectation-Maximization algorithm ran for 1,039 rounds

HISAT2 using ath genome for SynCom35_1.
10483412 reads; of these:
  10483412 (100.00%) were paired; of these:
    572969 (5.47%) aligned concordantly 0 times
    9753361 (93.04%) aligned concordantly exactly 1 time
    157082 (1.50%) aligned concordantly >1 times
    ----
    572969 pairs aligned concordantly 0 times; of these:
      18336 (3.20%) aligned discordantly 1 time
    ----
    554633 pairs aligned 0 times concordantly or discordantly; of these:
      1109266 mates make up the pairs; of these:
        657055 (59.23%) aligned 0 times
        442069 (39.85%) aligned exactly 1 time
        10142 (0.91%) aligned >1 times
96.87% overall alignment rate
[bam_sort_core] merging from 0 files and 120 in-memory blocks...
=====================================
====================================
Kallisto using ath cDNA for SynCom35_2.

[quant] fragment length distribution will be estimated from the data
[index] k-mer length: 31
[index] number of targets: 48,361
[index] number of k-mers: 45,576,677
[index] number of equivalence classes: 93,976
[quant] running in paired-end mode
[quant] will process pair 1: /netscratch/dep_psl/grp_rgo/yniu/KaWaiFlg22/clean_data_soil/SynCom35_2_R1.fq.gz
                             /netscratch/dep_psl/grp_rgo/yniu/KaWaiFlg22/clean_data_soil/SynCom35_2_R2.fq.gz
[quant] finding pseudoalignments for the reads ... done
[quant] processed 16,215,582 reads, 15,886,030 reads pseudoaligned
[quant] estimated average fragment length: 389.656
[   em] quantifying the abundances ... done
[   em] the Expectation-Maximization algorithm ran for 977 rounds

HISAT2 using ath genome for SynCom35_2.
16215582 reads; of these:
  16215582 (100.00%) were paired; of these:
    1015655 (6.26%) aligned concordantly 0 times
    15002146 (92.52%) aligned concordantly exactly 1 time
    197781 (1.22%) aligned concordantly >1 times
    ----
    1015655 pairs aligned concordantly 0 times; of these:
      39584 (3.90%) aligned discordantly 1 time
    ----
    976071 pairs aligned 0 times concordantly or discordantly; of these:
      1952142 mates make up the pairs; of these:
        1143104 (58.56%) aligned 0 times
        795888 (40.77%) aligned exactly 1 time
        13150 (0.67%) aligned >1 times
96.48% overall alignment rate
[bam_sort_core] merging from 0 files and 120 in-memory blocks...
=====================================
====================================
Kallisto using ath cDNA for SynCom35_3.

[quant] fragment length distribution will be estimated from the data
[index] k-mer length: 31
[index] number of targets: 48,361
[index] number of k-mers: 45,576,677
[index] number of equivalence classes: 93,976
[quant] running in paired-end mode
[quant] will process pair 1: /netscratch/dep_psl/grp_rgo/yniu/KaWaiFlg22/clean_data_soil/SynCom35_3_R1.fq.gz
                             /netscratch/dep_psl/grp_rgo/yniu/KaWaiFlg22/clean_data_soil/SynCom35_3_R2.fq.gz
[quant] finding pseudoalignments for the reads ... done
[quant] processed 10,974,092 reads, 10,682,149 reads pseudoaligned
[quant] estimated average fragment length: 384.463
[   em] quantifying the abundances ... done
[   em] the Expectation-Maximization algorithm ran for 986 rounds

HISAT2 using ath genome for SynCom35_3.
10974092 reads; of these:
  10974092 (100.00%) were paired; of these:
    631617 (5.76%) aligned concordantly 0 times
    10193752 (92.89%) aligned concordantly exactly 1 time
    148723 (1.36%) aligned concordantly >1 times
    ----
    631617 pairs aligned concordantly 0 times; of these:
      18697 (2.96%) aligned discordantly 1 time
    ----
    612920 pairs aligned 0 times concordantly or discordantly; of these:
      1225840 mates make up the pairs; of these:
        732166 (59.73%) aligned 0 times
        483985 (39.48%) aligned exactly 1 time
        9689 (0.79%) aligned >1 times
96.66% overall alignment rate
[bam_sort_core] merging from 0 files and 120 in-memory blocks...
=====================================
