Sender: LSF System <hpcadmin@hpc006.cluster.local>
Subject: Job 1722161: <bash ./script_alignment.sh> Done

Job <bash ./script_alignment.sh> was submitted from host <hpc001.cluster.local> by user <yniu> in cluster <hpc000>.
Job was executed on host(s) <40*hpc006.cluster.local>, in queue <multicore40>, as user <yniu> in cluster <hpc000>.
</home/yniu> was used as the home directory.
</netscratch/dep_psl/grp_rgo/yniu/KaWaiFlg22/scripts> was used as the working directory.
Started at Thu Sep 26 13:15:14 2019
Results reported at Thu Sep 26 19:46:22 2019

Your job looked like:

------------------------------------------------------------
# LSBATCH: User input
bash ./script_alignment.sh
------------------------------------------------------------

Successfully completed.

Resource usage summary:

    CPU time   :2090265.38 sec.
    Max Memory :      8193 MB
    Max Swap   :    105652 MB

    Max Processes  :        10
    Max Threads    :       141

The output (if any) follows:

Thu Sep 26 13:15:15 CEST 2019
====================================
Kallisto using ath cDNA for HKSynCom33_1.

[quant] fragment length distribution will be estimated from the data
Warning: you asked for 130, but only 128 cores on the machine
[index] k-mer length: 31
[index] number of targets: 48,359
[index] number of k-mers: 45,567,218
[index] number of equivalence classes: 93,973
[quant] running in paired-end mode
[quant] will process pair 1: /netscratch/dep_psl/grp_rgo/yniu/KaWaiFlg22/clean_data_1stadd/HKSynCom33_1_R1.fq.gz
                             /netscratch/dep_psl/grp_rgo/yniu/KaWaiFlg22/clean_data_1stadd/HKSynCom33_1_R2.fq.gz
[quant] finding pseudoalignments for the reads ... done
[quant] processed 9,481,296 reads, 4,489,449 reads pseudoaligned
[quant] estimated average fragment length: 279.721
[   em] quantifying the abundances ... done
[   em] the Expectation-Maximization algorithm ran for 1,041 rounds

HISAT2 using ath genome for HKSynCom33_1.
9481296 reads; of these:
  9481296 (100.00%) were paired; of these:
    6697434 (70.64%) aligned concordantly 0 times
    2710302 (28.59%) aligned concordantly exactly 1 time
    73560 (0.78%) aligned concordantly >1 times
    ----
    6697434 pairs aligned concordantly 0 times; of these:
      559981 (8.36%) aligned discordantly 1 time
    ----
    6137453 pairs aligned 0 times concordantly or discordantly; of these:
      12274906 mates make up the pairs; of these:
        10125664 (82.49%) aligned 0 times
        2058803 (16.77%) aligned exactly 1 time
        90439 (0.74%) aligned >1 times
46.60% overall alignment rate
[bam_sort_core] merging from 0 files and 130 in-memory blocks...
=====================================
====================================
Kallisto using ath cDNA for HKSynCom33_2.

[quant] fragment length distribution will be estimated from the data
Warning: you asked for 130, but only 128 cores on the machine
[index] k-mer length: 31
[index] number of targets: 48,359
[index] number of k-mers: 45,567,218
[index] number of equivalence classes: 93,973
[quant] running in paired-end mode
[quant] will process pair 1: /netscratch/dep_psl/grp_rgo/yniu/KaWaiFlg22/clean_data_1stadd/HKSynCom33_2_R1.fq.gz
                             /netscratch/dep_psl/grp_rgo/yniu/KaWaiFlg22/clean_data_1stadd/HKSynCom33_2_R2.fq.gz
[quant] finding pseudoalignments for the reads ... done
[quant] processed 8,871,075 reads, 5,229,792 reads pseudoaligned
[quant] estimated average fragment length: 288.313
[   em] quantifying the abundances ... done
[   em] the Expectation-Maximization algorithm ran for 1,048 rounds

HISAT2 using ath genome for HKSynCom33_2.
8871075 reads; of these:
  8871075 (100.00%) were paired; of these:
    4869955 (54.90%) aligned concordantly 0 times
    3887110 (43.82%) aligned concordantly exactly 1 time
    114010 (1.29%) aligned concordantly >1 times
    ----
    4869955 pairs aligned concordantly 0 times; of these:
      832614 (17.10%) aligned discordantly 1 time
    ----
    4037341 pairs aligned 0 times concordantly or discordantly; of these:
      8074682 mates make up the pairs; of these:
        6176202 (76.49%) aligned 0 times
        1790467 (22.17%) aligned exactly 1 time
        108013 (1.34%) aligned >1 times
65.19% overall alignment rate
[bam_sort_core] merging from 0 files and 130 in-memory blocks...
=====================================
====================================
Kallisto using ath cDNA for HKSynCom33_3.

[quant] fragment length distribution will be estimated from the data
Warning: you asked for 130, but only 128 cores on the machine
[index] k-mer length: 31
[index] number of targets: 48,359
[index] number of k-mers: 45,567,218
[index] number of equivalence classes: 93,973
[quant] running in paired-end mode
[quant] will process pair 1: /netscratch/dep_psl/grp_rgo/yniu/KaWaiFlg22/clean_data_1stadd/HKSynCom33_3_R1.fq.gz
                             /netscratch/dep_psl/grp_rgo/yniu/KaWaiFlg22/clean_data_1stadd/HKSynCom33_3_R2.fq.gz
[quant] finding pseudoalignments for the reads ... done
[quant] processed 8,953,840 reads, 4,927,033 reads pseudoaligned
[quant] estimated average fragment length: 287.829
[   em] quantifying the abundances ... done
[   em] the Expectation-Maximization algorithm ran for 983 rounds

HISAT2 using ath genome for HKSynCom33_3.
8953840 reads; of these:
  8953840 (100.00%) were paired; of these:
    5265604 (58.81%) aligned concordantly 0 times
    3578937 (39.97%) aligned concordantly exactly 1 time
    109299 (1.22%) aligned concordantly >1 times
    ----
    5265604 pairs aligned concordantly 0 times; of these:
      622178 (11.82%) aligned discordantly 1 time
    ----
    4643426 pairs aligned 0 times concordantly or discordantly; of these:
      9286852 mates make up the pairs; of these:
        7511773 (80.89%) aligned 0 times
        1680057 (18.09%) aligned exactly 1 time
        95022 (1.02%) aligned >1 times
58.05% overall alignment rate
[bam_sort_core] merging from 0 files and 130 in-memory blocks...
=====================================
====================================
Kallisto using ath cDNA for HKSynCom33_4.

[quant] fragment length distribution will be estimated from the data
Warning: you asked for 130, but only 128 cores on the machine
[index] k-mer length: 31
[index] number of targets: 48,359
[index] number of k-mers: 45,567,218
[index] number of equivalence classes: 93,973
[quant] running in paired-end mode
[quant] will process pair 1: /netscratch/dep_psl/grp_rgo/yniu/KaWaiFlg22/clean_data_1stadd/HKSynCom33_4_R1.fq.gz
                             /netscratch/dep_psl/grp_rgo/yniu/KaWaiFlg22/clean_data_1stadd/HKSynCom33_4_R2.fq.gz
[quant] finding pseudoalignments for the reads ... done
[quant] processed 8,454,418 reads, 6,902,240 reads pseudoaligned
[quant] estimated average fragment length: 281.347
[   em] quantifying the abundances ... done
[   em] the Expectation-Maximization algorithm ran for 1,046 rounds

HISAT2 using ath genome for HKSynCom33_4.
8454418 reads; of these:
  8454418 (100.00%) were paired; of these:
    1525961 (18.05%) aligned concordantly 0 times
    6731821 (79.62%) aligned concordantly exactly 1 time
    196636 (2.33%) aligned concordantly >1 times
    ----
    1525961 pairs aligned concordantly 0 times; of these:
      3622 (0.24%) aligned discordantly 1 time
    ----
    1522339 pairs aligned 0 times concordantly or discordantly; of these:
      3044678 mates make up the pairs; of these:
        2866124 (94.14%) aligned 0 times
        167345 (5.50%) aligned exactly 1 time
        11209 (0.37%) aligned >1 times
83.05% overall alignment rate
[bam_sort_core] merging from 0 files and 130 in-memory blocks...
=====================================
====================================
Kallisto using ath cDNA for HKSynCom33_Flg22_1.

[quant] fragment length distribution will be estimated from the data
Warning: you asked for 130, but only 128 cores on the machine
[index] k-mer length: 31
[index] number of targets: 48,359
[index] number of k-mers: 45,567,218
[index] number of equivalence classes: 93,973
[quant] running in paired-end mode
[quant] will process pair 1: /netscratch/dep_psl/grp_rgo/yniu/KaWaiFlg22/clean_data_1stadd/HKSynCom33_Flg22_1_R1.fq.gz
                             /netscratch/dep_psl/grp_rgo/yniu/KaWaiFlg22/clean_data_1stadd/HKSynCom33_Flg22_1_R2.fq.gz
[quant] finding pseudoalignments for the reads ... done
[quant] processed 5,922,387 reads, 5,161,299 reads pseudoaligned
[quant] estimated average fragment length: 290.22
[   em] quantifying the abundances ... done
[   em] the Expectation-Maximization algorithm ran for 1,029 rounds

HISAT2 using ath genome for HKSynCom33_Flg22_1.
5922387 reads; of these:
  5922387 (100.00%) were paired; of these:
    746832 (12.61%) aligned concordantly 0 times
    5018148 (84.73%) aligned concordantly exactly 1 time
    157407 (2.66%) aligned concordantly >1 times
    ----
    746832 pairs aligned concordantly 0 times; of these:
      2925 (0.39%) aligned discordantly 1 time
    ----
    743907 pairs aligned 0 times concordantly or discordantly; of these:
      1487814 mates make up the pairs; of these:
        1341768 (90.18%) aligned 0 times
        133680 (8.98%) aligned exactly 1 time
        12366 (0.83%) aligned >1 times
88.67% overall alignment rate
[bam_sort_core] merging from 0 files and 130 in-memory blocks...
=====================================
====================================
Kallisto using ath cDNA for HKSynCom33_Flg22_2.

[quant] fragment length distribution will be estimated from the data
Warning: you asked for 130, but only 128 cores on the machine
[index] k-mer length: 31
[index] number of targets: 48,359
[index] number of k-mers: 45,567,218
[index] number of equivalence classes: 93,973
[quant] running in paired-end mode
[quant] will process pair 1: /netscratch/dep_psl/grp_rgo/yniu/KaWaiFlg22/clean_data_1stadd/HKSynCom33_Flg22_2_R1.fq.gz
                             /netscratch/dep_psl/grp_rgo/yniu/KaWaiFlg22/clean_data_1stadd/HKSynCom33_Flg22_2_R2.fq.gz
[quant] finding pseudoalignments for the reads ... done
[quant] processed 9,336,118 reads, 4,947,875 reads pseudoaligned
[quant] estimated average fragment length: 293.512
[   em] quantifying the abundances ... done
[   em] the Expectation-Maximization algorithm ran for 1,015 rounds

HISAT2 using ath genome for HKSynCom33_Flg22_2.
9336118 reads; of these:
  9336118 (100.00%) were paired; of these:
    5773680 (61.84%) aligned concordantly 0 times
    3445917 (36.91%) aligned concordantly exactly 1 time
    116521 (1.25%) aligned concordantly >1 times
    ----
    5773680 pairs aligned concordantly 0 times; of these:
      620494 (10.75%) aligned discordantly 1 time
    ----
    5153186 pairs aligned 0 times concordantly or discordantly; of these:
      10306372 mates make up the pairs; of these:
        8364004 (81.15%) aligned 0 times
        1830341 (17.76%) aligned exactly 1 time
        112027 (1.09%) aligned >1 times
55.21% overall alignment rate
[bam_sort_core] merging from 0 files and 130 in-memory blocks...
=====================================
====================================
Kallisto using ath cDNA for HKSynCom33_Flg22_3.

[quant] fragment length distribution will be estimated from the data
Warning: you asked for 130, but only 128 cores on the machine
[index] k-mer length: 31
[index] number of targets: 48,359
[index] number of k-mers: 45,567,218
[index] number of equivalence classes: 93,973
[quant] running in paired-end mode
[quant] will process pair 1: /netscratch/dep_psl/grp_rgo/yniu/KaWaiFlg22/clean_data_1stadd/HKSynCom33_Flg22_3_R1.fq.gz
                             /netscratch/dep_psl/grp_rgo/yniu/KaWaiFlg22/clean_data_1stadd/HKSynCom33_Flg22_3_R2.fq.gz
[quant] finding pseudoalignments for the reads ... done
[quant] processed 9,562,475 reads, 5,974,148 reads pseudoaligned
[quant] estimated average fragment length: 283.632
[   em] quantifying the abundances ... done
[   em] the Expectation-Maximization algorithm ran for 1,019 rounds

HISAT2 using ath genome for HKSynCom33_Flg22_3.
9562475 reads; of these:
  9562475 (100.00%) were paired; of these:
    4741053 (49.58%) aligned concordantly 0 times
    4689869 (49.04%) aligned concordantly exactly 1 time
    131553 (1.38%) aligned concordantly >1 times
    ----
    4741053 pairs aligned concordantly 0 times; of these:
      1066578 (22.50%) aligned discordantly 1 time
    ----
    3674475 pairs aligned 0 times concordantly or discordantly; of these:
      7348950 mates make up the pairs; of these:
        5405526 (73.56%) aligned 0 times
        1829356 (24.89%) aligned exactly 1 time
        114068 (1.55%) aligned >1 times
71.74% overall alignment rate
[bam_sort_core] merging from 0 files and 130 in-memory blocks...
=====================================
====================================
Kallisto using ath cDNA for HKSynCom33_Flg22_4.

[quant] fragment length distribution will be estimated from the data
Warning: you asked for 130, but only 128 cores on the machine
[index] k-mer length: 31
[index] number of targets: 48,359
[index] number of k-mers: 45,567,218
[index] number of equivalence classes: 93,973
[quant] running in paired-end mode
[quant] will process pair 1: /netscratch/dep_psl/grp_rgo/yniu/KaWaiFlg22/clean_data_1stadd/HKSynCom33_Flg22_4_R1.fq.gz
                             /netscratch/dep_psl/grp_rgo/yniu/KaWaiFlg22/clean_data_1stadd/HKSynCom33_Flg22_4_R2.fq.gz
[quant] finding pseudoalignments for the reads ... done
[quant] processed 8,519,488 reads, 5,239,855 reads pseudoaligned
[quant] estimated average fragment length: 290.769
[   em] quantifying the abundances ... done
[   em] the Expectation-Maximization algorithm ran for 1,008 rounds

HISAT2 using ath genome for HKSynCom33_Flg22_4.
8519488 reads; of these:
  8519488 (100.00%) were paired; of these:
    3279220 (38.49%) aligned concordantly 0 times
    5094596 (59.80%) aligned concordantly exactly 1 time
    145672 (1.71%) aligned concordantly >1 times
    ----
    3279220 pairs aligned concordantly 0 times; of these:
      3038 (0.09%) aligned discordantly 1 time
    ----
    3276182 pairs aligned 0 times concordantly or discordantly; of these:
      6552364 mates make up the pairs; of these:
        6398276 (97.65%) aligned 0 times
        143847 (2.20%) aligned exactly 1 time
        10241 (0.16%) aligned >1 times
62.45% overall alignment rate
[bam_sort_core] merging from 0 files and 130 in-memory blocks...
=====================================
====================================
Kallisto using ath cDNA for HKSynCom35_1.

[quant] fragment length distribution will be estimated from the data
Warning: you asked for 130, but only 128 cores on the machine
[index] k-mer length: 31
[index] number of targets: 48,359
[index] number of k-mers: 45,567,218
[index] number of equivalence classes: 93,973
[quant] running in paired-end mode
[quant] will process pair 1: /netscratch/dep_psl/grp_rgo/yniu/KaWaiFlg22/clean_data_1stadd/HKSynCom35_1_R1.fq.gz
                             /netscratch/dep_psl/grp_rgo/yniu/KaWaiFlg22/clean_data_1stadd/HKSynCom35_1_R2.fq.gz
[quant] finding pseudoalignments for the reads ... done
[quant] processed 7,729,681 reads, 5,254,239 reads pseudoaligned
[quant] estimated average fragment length: 281.692
[   em] quantifying the abundances ... done
[   em] the Expectation-Maximization algorithm ran for 1,046 rounds

HISAT2 using ath genome for HKSynCom35_1.
7729681 reads; of these:
  7729681 (100.00%) were paired; of these:
    3080212 (39.85%) aligned concordantly 0 times
    4509481 (58.34%) aligned concordantly exactly 1 time
    139988 (1.81%) aligned concordantly >1 times
    ----
    3080212 pairs aligned concordantly 0 times; of these:
      935268 (30.36%) aligned discordantly 1 time
    ----
    2144944 pairs aligned 0 times concordantly or discordantly; of these:
      4289888 mates make up the pairs; of these:
        2941596 (68.57%) aligned 0 times
        1242902 (28.97%) aligned exactly 1 time
        105390 (2.46%) aligned >1 times
80.97% overall alignment rate
[bam_sort_core] merging from 0 files and 130 in-memory blocks...
=====================================
====================================
Kallisto using ath cDNA for HKSynCom35_2.

[quant] fragment length distribution will be estimated from the data
Warning: you asked for 130, but only 128 cores on the machine
[index] k-mer length: 31
[index] number of targets: 48,359
[index] number of k-mers: 45,567,218
[index] number of equivalence classes: 93,973
[quant] running in paired-end mode
[quant] will process pair 1: /netscratch/dep_psl/grp_rgo/yniu/KaWaiFlg22/clean_data_1stadd/HKSynCom35_2_R1.fq.gz
                             /netscratch/dep_psl/grp_rgo/yniu/KaWaiFlg22/clean_data_1stadd/HKSynCom35_2_R2.fq.gz
[quant] finding pseudoalignments for the reads ... done
[quant] processed 6,170,945 reads, 5,552,511 reads pseudoaligned
[quant] estimated average fragment length: 274.851
[   em] quantifying the abundances ... done
[   em] the Expectation-Maximization algorithm ran for 1,052 rounds

HISAT2 using ath genome for HKSynCom35_2.
6170945 reads; of these:
  6170945 (100.00%) were paired; of these:
    617644 (10.01%) aligned concordantly 0 times
    5403626 (87.57%) aligned concordantly exactly 1 time
    149675 (2.43%) aligned concordantly >1 times
    ----
    617644 pairs aligned concordantly 0 times; of these:
      3045 (0.49%) aligned discordantly 1 time
    ----
    614599 pairs aligned 0 times concordantly or discordantly; of these:
      1229198 mates make up the pairs; of these:
        1089539 (88.64%) aligned 0 times
        130606 (10.63%) aligned exactly 1 time
        9053 (0.74%) aligned >1 times
91.17% overall alignment rate
[bam_sort_core] merging from 0 files and 130 in-memory blocks...
=====================================
====================================
Kallisto using ath cDNA for HKSynCom35_3.

[quant] fragment length distribution will be estimated from the data
Warning: you asked for 130, but only 128 cores on the machine
[index] k-mer length: 31
[index] number of targets: 48,359
[index] number of k-mers: 45,567,218
[index] number of equivalence classes: 93,973
[quant] running in paired-end mode
[quant] will process pair 1: /netscratch/dep_psl/grp_rgo/yniu/KaWaiFlg22/clean_data_1stadd/HKSynCom35_3_R1.fq.gz
                             /netscratch/dep_psl/grp_rgo/yniu/KaWaiFlg22/clean_data_1stadd/HKSynCom35_3_R2.fq.gz
[quant] finding pseudoalignments for the reads ... done
[quant] processed 7,953,467 reads, 4,972,729 reads pseudoaligned
[quant] estimated average fragment length: 295.991
[   em] quantifying the abundances ... done
[   em] the Expectation-Maximization algorithm ran for 946 rounds

HISAT2 using ath genome for HKSynCom35_3.
7953467 reads; of these:
  7953467 (100.00%) were paired; of these:
    3982369 (50.07%) aligned concordantly 0 times
    3870469 (48.66%) aligned concordantly exactly 1 time
    100629 (1.27%) aligned concordantly >1 times
    ----
    3982369 pairs aligned concordantly 0 times; of these:
      965447 (24.24%) aligned discordantly 1 time
    ----
    3016922 pairs aligned 0 times concordantly or discordantly; of these:
      6033844 mates make up the pairs; of these:
        4342300 (71.97%) aligned 0 times
        1598588 (26.49%) aligned exactly 1 time
        92956 (1.54%) aligned >1 times
72.70% overall alignment rate
[bam_sort_core] merging from 0 files and 130 in-memory blocks...
=====================================
====================================
Kallisto using ath cDNA for HKSynCom35_4.

[quant] fragment length distribution will be estimated from the data
Warning: you asked for 130, but only 128 cores on the machine
[index] k-mer length: 31
[index] number of targets: 48,359
[index] number of k-mers: 45,567,218
[index] number of equivalence classes: 93,973
[quant] running in paired-end mode
[quant] will process pair 1: /netscratch/dep_psl/grp_rgo/yniu/KaWaiFlg22/clean_data_1stadd/HKSynCom35_4_R1.fq.gz
                             /netscratch/dep_psl/grp_rgo/yniu/KaWaiFlg22/clean_data_1stadd/HKSynCom35_4_R2.fq.gz
[quant] finding pseudoalignments for the reads ... done
[quant] processed 9,809,914 reads, 5,188,239 reads pseudoaligned
[quant] estimated average fragment length: 293.311
[   em] quantifying the abundances ... done
[   em] the Expectation-Maximization algorithm ran for 1,061 rounds

HISAT2 using ath genome for HKSynCom35_4.
9809914 reads; of these:
  9809914 (100.00%) were paired; of these:
    6616434 (67.45%) aligned concordantly 0 times
    3099949 (31.60%) aligned concordantly exactly 1 time
    93531 (0.95%) aligned concordantly >1 times
    ----
    6616434 pairs aligned concordantly 0 times; of these:
      946711 (14.31%) aligned discordantly 1 time
    ----
    5669723 pairs aligned 0 times concordantly or discordantly; of these:
      11339446 mates make up the pairs; of these:
        8570783 (75.58%) aligned 0 times
        2620632 (23.11%) aligned exactly 1 time
        148031 (1.31%) aligned >1 times
56.32% overall alignment rate
[bam_sort_core] merging from 0 files and 130 in-memory blocks...
=====================================
====================================
Kallisto using ath cDNA for HKSynCom35_Flg22_1.

[quant] fragment length distribution will be estimated from the data
Warning: you asked for 130, but only 128 cores on the machine
[index] k-mer length: 31
[index] number of targets: 48,359
[index] number of k-mers: 45,567,218
[index] number of equivalence classes: 93,973
[quant] running in paired-end mode
[quant] will process pair 1: /netscratch/dep_psl/grp_rgo/yniu/KaWaiFlg22/clean_data_1stadd/HKSynCom35_Flg22_1_R1.fq.gz
                             /netscratch/dep_psl/grp_rgo/yniu/KaWaiFlg22/clean_data_1stadd/HKSynCom35_Flg22_1_R2.fq.gz
[quant] finding pseudoalignments for the reads ... done
[quant] processed 6,588,694 reads, 6,342,680 reads pseudoaligned
[quant] estimated average fragment length: 273.092
[   em] quantifying the abundances ... done
[   em] the Expectation-Maximization algorithm ran for 1,067 rounds

HISAT2 using ath genome for HKSynCom35_Flg22_1.
6588694 reads; of these:
  6588694 (100.00%) were paired; of these:
    254812 (3.87%) aligned concordantly 0 times
    6145138 (93.27%) aligned concordantly exactly 1 time
    188744 (2.86%) aligned concordantly >1 times
    ----
    254812 pairs aligned concordantly 0 times; of these:
      4150 (1.63%) aligned discordantly 1 time
    ----
    250662 pairs aligned 0 times concordantly or discordantly; of these:
      501324 mates make up the pairs; of these:
        305526 (60.94%) aligned 0 times
        180764 (36.06%) aligned exactly 1 time
        15034 (3.00%) aligned >1 times
97.68% overall alignment rate
[bam_sort_core] merging from 0 files and 130 in-memory blocks...
=====================================
====================================
Kallisto using ath cDNA for HKSynCom35_Flg22_2.

[quant] fragment length distribution will be estimated from the data
Warning: you asked for 130, but only 128 cores on the machine
[index] k-mer length: 31
[index] number of targets: 48,359
[index] number of k-mers: 45,567,218
[index] number of equivalence classes: 93,973
[quant] running in paired-end mode
[quant] will process pair 1: /netscratch/dep_psl/grp_rgo/yniu/KaWaiFlg22/clean_data_1stadd/HKSynCom35_Flg22_2_R1.fq.gz
                             /netscratch/dep_psl/grp_rgo/yniu/KaWaiFlg22/clean_data_1stadd/HKSynCom35_Flg22_2_R2.fq.gz
[quant] finding pseudoalignments for the reads ... done
[quant] processed 6,307,990 reads, 5,067,902 reads pseudoaligned
[quant] estimated average fragment length: 297.354
[   em] quantifying the abundances ... done
[   em] the Expectation-Maximization algorithm ran for 1,033 rounds

HISAT2 using ath genome for HKSynCom35_Flg22_2.
6307990 reads; of these:
  6307990 (100.00%) were paired; of these:
    1239994 (19.66%) aligned concordantly 0 times
    4924118 (78.06%) aligned concordantly exactly 1 time
    143878 (2.28%) aligned concordantly >1 times
    ----
    1239994 pairs aligned concordantly 0 times; of these:
      2790 (0.23%) aligned discordantly 1 time
    ----
    1237204 pairs aligned 0 times concordantly or discordantly; of these:
      2474408 mates make up the pairs; of these:
        2342965 (94.69%) aligned 0 times
        121257 (4.90%) aligned exactly 1 time
        10186 (0.41%) aligned >1 times
81.43% overall alignment rate
[bam_sort_core] merging from 0 files and 130 in-memory blocks...
=====================================
====================================
Kallisto using ath cDNA for HKSynCom35_Flg22_3.

[quant] fragment length distribution will be estimated from the data
Warning: you asked for 130, but only 128 cores on the machine
[index] k-mer length: 31
[index] number of targets: 48,359
[index] number of k-mers: 45,567,218
[index] number of equivalence classes: 93,973
[quant] running in paired-end mode
[quant] will process pair 1: /netscratch/dep_psl/grp_rgo/yniu/KaWaiFlg22/clean_data_1stadd/HKSynCom35_Flg22_3_R1.fq.gz
                             /netscratch/dep_psl/grp_rgo/yniu/KaWaiFlg22/clean_data_1stadd/HKSynCom35_Flg22_3_R2.fq.gz
[quant] finding pseudoalignments for the reads ... done
[quant] processed 8,516,934 reads, 5,066,183 reads pseudoaligned
[quant] estimated average fragment length: 303.46
[   em] quantifying the abundances ... done
[   em] the Expectation-Maximization algorithm ran for 1,034 rounds

HISAT2 using ath genome for HKSynCom35_Flg22_3.
8516934 reads; of these:
  8516934 (100.00%) were paired; of these:
    3482081 (40.88%) aligned concordantly 0 times
    4897760 (57.51%) aligned concordantly exactly 1 time
    137093 (1.61%) aligned concordantly >1 times
    ----
    3482081 pairs aligned concordantly 0 times; of these:
      3011 (0.09%) aligned discordantly 1 time
    ----
    3479070 pairs aligned 0 times concordantly or discordantly; of these:
      6958140 mates make up the pairs; of these:
        6809118 (97.86%) aligned 0 times
        137990 (1.98%) aligned exactly 1 time
        11032 (0.16%) aligned >1 times
60.03% overall alignment rate
[bam_sort_core] merging from 0 files and 130 in-memory blocks...
=====================================
====================================
Kallisto using ath cDNA for HKSynCom35_Flg22_4.

[quant] fragment length distribution will be estimated from the data
Warning: you asked for 130, but only 128 cores on the machine
[index] k-mer length: 31
[index] number of targets: 48,359
[index] number of k-mers: 45,567,218
[index] number of equivalence classes: 93,973
[quant] running in paired-end mode
[quant] will process pair 1: /netscratch/dep_psl/grp_rgo/yniu/KaWaiFlg22/clean_data_1stadd/HKSynCom35_Flg22_4_R1.fq.gz
                             /netscratch/dep_psl/grp_rgo/yniu/KaWaiFlg22/clean_data_1stadd/HKSynCom35_Flg22_4_R2.fq.gz
[quant] finding pseudoalignments for the reads ... done
[quant] processed 10,870,667 reads, 5,661,045 reads pseudoaligned
[quant] estimated average fragment length: 295.892
[   em] quantifying the abundances ... done
[   em] the Expectation-Maximization algorithm ran for 1,069 rounds

HISAT2 using ath genome for HKSynCom35_Flg22_4.
10870667 reads; of these:
  10870667 (100.00%) were paired; of these:
    6439208 (59.23%) aligned concordantly 0 times
    4297411 (39.53%) aligned concordantly exactly 1 time
    134048 (1.23%) aligned concordantly >1 times
    ----
    6439208 pairs aligned concordantly 0 times; of these:
      540998 (8.40%) aligned discordantly 1 time
    ----
    5898210 pairs aligned 0 times concordantly or discordantly; of these:
      11796420 mates make up the pairs; of these:
        10040136 (85.11%) aligned 0 times
        1662815 (14.10%) aligned exactly 1 time
        93469 (0.79%) aligned >1 times
53.82% overall alignment rate
[bam_sort_core] merging from 0 files and 130 in-memory blocks...
=====================================
====================================
Kallisto using ath cDNA for Mock_1.

[quant] fragment length distribution will be estimated from the data
Warning: you asked for 130, but only 128 cores on the machine
[index] k-mer length: 31
[index] number of targets: 48,359
[index] number of k-mers: 45,567,218
[index] number of equivalence classes: 93,973
[quant] running in paired-end mode
[quant] will process pair 1: /netscratch/dep_psl/grp_rgo/yniu/KaWaiFlg22/clean_data_1stadd/Mock_1_R1.fq.gz
                             /netscratch/dep_psl/grp_rgo/yniu/KaWaiFlg22/clean_data_1stadd/Mock_1_R2.fq.gz
[quant] finding pseudoalignments for the reads ... done
[quant] processed 10,530,758 reads, 5,661,389 reads pseudoaligned
[quant] estimated average fragment length: 267.115
[   em] quantifying the abundances ... done
[   em] the Expectation-Maximization algorithm ran for 1,063 rounds

HISAT2 using ath genome for Mock_1.
10530758 reads; of these:
  10530758 (100.00%) were paired; of these:
    6091010 (57.84%) aligned concordantly 0 times
    4314464 (40.97%) aligned concordantly exactly 1 time
    125284 (1.19%) aligned concordantly >1 times
    ----
    6091010 pairs aligned concordantly 0 times; of these:
      599280 (9.84%) aligned discordantly 1 time
    ----
    5491730 pairs aligned 0 times concordantly or discordantly; of these:
      10983460 mates make up the pairs; of these:
        9283997 (84.53%) aligned 0 times
        1614813 (14.70%) aligned exactly 1 time
        84650 (0.77%) aligned >1 times
55.92% overall alignment rate
[bam_sort_core] merging from 0 files and 130 in-memory blocks...
=====================================
====================================
Kallisto using ath cDNA for Mock_2.

[quant] fragment length distribution will be estimated from the data
Warning: you asked for 130, but only 128 cores on the machine
[index] k-mer length: 31
[index] number of targets: 48,359
[index] number of k-mers: 45,567,218
[index] number of equivalence classes: 93,973
[quant] running in paired-end mode
[quant] will process pair 1: /netscratch/dep_psl/grp_rgo/yniu/KaWaiFlg22/clean_data_1stadd/Mock_2_R1.fq.gz
                             /netscratch/dep_psl/grp_rgo/yniu/KaWaiFlg22/clean_data_1stadd/Mock_2_R2.fq.gz
[quant] finding pseudoalignments for the reads ... done
[quant] processed 9,879,823 reads, 6,374,087 reads pseudoaligned
[quant] estimated average fragment length: 297.275
[   em] quantifying the abundances ... done
[   em] the Expectation-Maximization algorithm ran for 1,086 rounds

HISAT2 using ath genome for Mock_2.
9879823 reads; of these:
  9879823 (100.00%) were paired; of these:
    4564463 (46.20%) aligned concordantly 0 times
    5173430 (52.36%) aligned concordantly exactly 1 time
    141930 (1.44%) aligned concordantly >1 times
    ----
    4564463 pairs aligned concordantly 0 times; of these:
      1132050 (24.80%) aligned discordantly 1 time
    ----
    3432413 pairs aligned 0 times concordantly or discordantly; of these:
      6864826 mates make up the pairs; of these:
        4910432 (71.53%) aligned 0 times
        1835229 (26.73%) aligned exactly 1 time
        119165 (1.74%) aligned >1 times
75.15% overall alignment rate
[bam_sort_core] merging from 0 files and 130 in-memory blocks...
=====================================
====================================
Kallisto using ath cDNA for Mock_3.

[quant] fragment length distribution will be estimated from the data
Warning: you asked for 130, but only 128 cores on the machine
[index] k-mer length: 31
[index] number of targets: 48,359
[index] number of k-mers: 45,567,218
[index] number of equivalence classes: 93,973
[quant] running in paired-end mode
[quant] will process pair 1: /netscratch/dep_psl/grp_rgo/yniu/KaWaiFlg22/clean_data_1stadd/Mock_3_R1.fq.gz
                             /netscratch/dep_psl/grp_rgo/yniu/KaWaiFlg22/clean_data_1stadd/Mock_3_R2.fq.gz
[quant] finding pseudoalignments for the reads ... done
[quant] processed 10,644,054 reads, 5,349,676 reads pseudoaligned
[quant] estimated average fragment length: 300.3
[   em] quantifying the abundances ... done
[   em] the Expectation-Maximization algorithm ran for 1,062 rounds

HISAT2 using ath genome for Mock_3.
10644054 reads; of these:
  10644054 (100.00%) were paired; of these:
    7842111 (73.68%) aligned concordantly 0 times
    2718297 (25.54%) aligned concordantly exactly 1 time
    83646 (0.79%) aligned concordantly >1 times
    ----
    7842111 pairs aligned concordantly 0 times; of these:
      971706 (12.39%) aligned discordantly 1 time
    ----
    6870405 pairs aligned 0 times concordantly or discordantly; of these:
      13740810 mates make up the pairs; of these:
        10425012 (75.87%) aligned 0 times
        3146867 (22.90%) aligned exactly 1 time
        168931 (1.23%) aligned >1 times
51.03% overall alignment rate
[bam_sort_core] merging from 0 files and 130 in-memory blocks...
=====================================
====================================
Kallisto using ath cDNA for Mock_4.

[quant] fragment length distribution will be estimated from the data
Warning: you asked for 130, but only 128 cores on the machine
[index] k-mer length: 31
[index] number of targets: 48,359
[index] number of k-mers: 45,567,218
[index] number of equivalence classes: 93,973
[quant] running in paired-end mode
[quant] will process pair 1: /netscratch/dep_psl/grp_rgo/yniu/KaWaiFlg22/clean_data_1stadd/Mock_4_R1.fq.gz
                             /netscratch/dep_psl/grp_rgo/yniu/KaWaiFlg22/clean_data_1stadd/Mock_4_R2.fq.gz
[quant] finding pseudoalignments for the reads ... done
[quant] processed 9,368,037 reads, 5,580,379 reads pseudoaligned
[quant] estimated average fragment length: 292.54
[   em] quantifying the abundances ... done
[   em] the Expectation-Maximization algorithm ran for 1,070 rounds

HISAT2 using ath genome for Mock_4.
9368037 reads; of these:
  9368037 (100.00%) were paired; of these:
    4861522 (51.89%) aligned concordantly 0 times
    4379044 (46.74%) aligned concordantly exactly 1 time
    127471 (1.36%) aligned concordantly >1 times
    ----
    4861522 pairs aligned concordantly 0 times; of these:
      411894 (8.47%) aligned discordantly 1 time
    ----
    4449628 pairs aligned 0 times concordantly or discordantly; of these:
      8899256 mates make up the pairs; of these:
        7393502 (83.08%) aligned 0 times
        1432015 (16.09%) aligned exactly 1 time
        73739 (0.83%) aligned >1 times
60.54% overall alignment rate
[bam_sort_core] merging from 0 files and 130 in-memory blocks...
=====================================
====================================
Kallisto using ath cDNA for Mock_Flg22_1.

[quant] fragment length distribution will be estimated from the data
Warning: you asked for 130, but only 128 cores on the machine
[index] k-mer length: 31
[index] number of targets: 48,359
[index] number of k-mers: 45,567,218
[index] number of equivalence classes: 93,973
[quant] running in paired-end mode
[quant] will process pair 1: /netscratch/dep_psl/grp_rgo/yniu/KaWaiFlg22/clean_data_1stadd/Mock_Flg22_1_R1.fq.gz
                             /netscratch/dep_psl/grp_rgo/yniu/KaWaiFlg22/clean_data_1stadd/Mock_Flg22_1_R2.fq.gz
[quant] finding pseudoalignments for the reads ... done
[quant] processed 8,363,034 reads, 5,076,243 reads pseudoaligned
[quant] estimated average fragment length: 280.331
[   em] quantifying the abundances ... done
[   em] the Expectation-Maximization algorithm ran for 1,055 rounds

HISAT2 using ath genome for Mock_Flg22_1.
8363034 reads; of these:
  8363034 (100.00%) were paired; of these:
    4437395 (53.06%) aligned concordantly 0 times
    3818333 (45.66%) aligned concordantly exactly 1 time
    107306 (1.28%) aligned concordantly >1 times
    ----
    4437395 pairs aligned concordantly 0 times; of these:
      1021131 (23.01%) aligned discordantly 1 time
    ----
    3416264 pairs aligned 0 times concordantly or discordantly; of these:
      6832528 mates make up the pairs; of these:
        4961176 (72.61%) aligned 0 times
        1760443 (25.77%) aligned exactly 1 time
        110909 (1.62%) aligned >1 times
70.34% overall alignment rate
[bam_sort_core] merging from 0 files and 130 in-memory blocks...
=====================================
====================================
Kallisto using ath cDNA for Mock_Flg22_2.

[quant] fragment length distribution will be estimated from the data
Warning: you asked for 130, but only 128 cores on the machine
[index] k-mer length: 31
[index] number of targets: 48,359
[index] number of k-mers: 45,567,218
[index] number of equivalence classes: 93,973
[quant] running in paired-end mode
[quant] will process pair 1: /netscratch/dep_psl/grp_rgo/yniu/KaWaiFlg22/clean_data_1stadd/Mock_Flg22_2_R1.fq.gz
                             /netscratch/dep_psl/grp_rgo/yniu/KaWaiFlg22/clean_data_1stadd/Mock_Flg22_2_R2.fq.gz
[quant] finding pseudoalignments for the reads ... done
[quant] processed 9,408,411 reads, 5,515,074 reads pseudoaligned
[quant] estimated average fragment length: 288.604
[   em] quantifying the abundances ... done
[   em] the Expectation-Maximization algorithm ran for 1,083 rounds

HISAT2 using ath genome for Mock_Flg22_2.
9408411 reads; of these:
  9408411 (100.00%) were paired; of these:
    5197539 (55.24%) aligned concordantly 0 times
    4091602 (43.49%) aligned concordantly exactly 1 time
    119270 (1.27%) aligned concordantly >1 times
    ----
    5197539 pairs aligned concordantly 0 times; of these:
      848963 (16.33%) aligned discordantly 1 time
    ----
    4348576 pairs aligned 0 times concordantly or discordantly; of these:
      8697152 mates make up the pairs; of these:
        6708784 (77.14%) aligned 0 times
        1877186 (21.58%) aligned exactly 1 time
        111182 (1.28%) aligned >1 times
64.35% overall alignment rate
[bam_sort_core] merging from 0 files and 130 in-memory blocks...
=====================================
====================================
Kallisto using ath cDNA for Mock_Flg22_3.

[quant] fragment length distribution will be estimated from the data
Warning: you asked for 130, but only 128 cores on the machine
[index] k-mer length: 31
[index] number of targets: 48,359
[index] number of k-mers: 45,567,218
[index] number of equivalence classes: 93,973
[quant] running in paired-end mode
[quant] will process pair 1: /netscratch/dep_psl/grp_rgo/yniu/KaWaiFlg22/clean_data_1stadd/Mock_Flg22_3_R1.fq.gz
                             /netscratch/dep_psl/grp_rgo/yniu/KaWaiFlg22/clean_data_1stadd/Mock_Flg22_3_R2.fq.gz
[quant] finding pseudoalignments for the reads ... done
[quant] processed 10,244,461 reads, 5,516,050 reads pseudoaligned
[quant] estimated average fragment length: 295.578
[   em] quantifying the abundances ... done
[   em] the Expectation-Maximization algorithm ran for 1,037 rounds

HISAT2 using ath genome for Mock_Flg22_3.
10244461 reads; of these:
  10244461 (100.00%) were paired; of these:
    6832509 (66.69%) aligned concordantly 0 times
    3314753 (32.36%) aligned concordantly exactly 1 time
    97199 (0.95%) aligned concordantly >1 times
    ----
    6832509 pairs aligned concordantly 0 times; of these:
      1050740 (15.38%) aligned discordantly 1 time
    ----
    5781769 pairs aligned 0 times concordantly or discordantly; of these:
      11563538 mates make up the pairs; of these:
        8631237 (74.64%) aligned 0 times
        2781650 (24.06%) aligned exactly 1 time
        150651 (1.30%) aligned >1 times
57.87% overall alignment rate
[bam_sort_core] merging from 0 files and 130 in-memory blocks...
=====================================
====================================
Kallisto using ath cDNA for Mock_Flg22_4.

[quant] fragment length distribution will be estimated from the data
Warning: you asked for 130, but only 128 cores on the machine
[index] k-mer length: 31
[index] number of targets: 48,359
[index] number of k-mers: 45,567,218
[index] number of equivalence classes: 93,973
[quant] running in paired-end mode
[quant] will process pair 1: /netscratch/dep_psl/grp_rgo/yniu/KaWaiFlg22/clean_data_1stadd/Mock_Flg22_4_R1.fq.gz
                             /netscratch/dep_psl/grp_rgo/yniu/KaWaiFlg22/clean_data_1stadd/Mock_Flg22_4_R2.fq.gz
[quant] finding pseudoalignments for the reads ... done
[quant] processed 8,908,409 reads, 5,670,655 reads pseudoaligned
[quant] estimated average fragment length: 285.356
[   em] quantifying the abundances ... done
[   em] the Expectation-Maximization algorithm ran for 921 rounds

HISAT2 using ath genome for Mock_Flg22_4.
8908409 reads; of these:
  8908409 (100.00%) were paired; of these:
    4231466 (47.50%) aligned concordantly 0 times
    4542409 (50.99%) aligned concordantly exactly 1 time
    134534 (1.51%) aligned concordantly >1 times
    ----
    4231466 pairs aligned concordantly 0 times; of these:
      1422470 (33.62%) aligned discordantly 1 time
    ----
    2808996 pairs aligned 0 times concordantly or discordantly; of these:
      5617992 mates make up the pairs; of these:
        3575037 (63.64%) aligned 0 times
        1895023 (33.73%) aligned exactly 1 time
        147932 (2.63%) aligned >1 times
79.93% overall alignment rate
[bam_sort_core] merging from 0 files and 130 in-memory blocks...
=====================================
====================================
Kallisto using ath cDNA for SynCom33_1.

[quant] fragment length distribution will be estimated from the data
Warning: you asked for 130, but only 128 cores on the machine
[index] k-mer length: 31
[index] number of targets: 48,359
[index] number of k-mers: 45,567,218
[index] number of equivalence classes: 93,973
[quant] running in paired-end mode
[quant] will process pair 1: /netscratch/dep_psl/grp_rgo/yniu/KaWaiFlg22/clean_data_1stadd/SynCom33_1_R1.fq.gz
                             /netscratch/dep_psl/grp_rgo/yniu/KaWaiFlg22/clean_data_1stadd/SynCom33_1_R2.fq.gz
[quant] finding pseudoalignments for the reads ... done
[quant] processed 8,334,786 reads, 5,323,879 reads pseudoaligned
[quant] estimated average fragment length: 279.837
[   em] quantifying the abundances ... done
[   em] the Expectation-Maximization algorithm ran for 1,151 rounds

HISAT2 using ath genome for SynCom33_1.
8334786 reads; of these:
  8334786 (100.00%) were paired; of these:
    3891050 (46.68%) aligned concordantly 0 times
    4313410 (51.75%) aligned concordantly exactly 1 time
    130326 (1.56%) aligned concordantly >1 times
    ----
    3891050 pairs aligned concordantly 0 times; of these:
      835045 (21.46%) aligned discordantly 1 time
    ----
    3056005 pairs aligned 0 times concordantly or discordantly; of these:
      6112010 mates make up the pairs; of these:
        4524860 (74.03%) aligned 0 times
        1484386 (24.29%) aligned exactly 1 time
        102764 (1.68%) aligned >1 times
72.86% overall alignment rate
[bam_sort_core] merging from 0 files and 130 in-memory blocks...
=====================================
====================================
Kallisto using ath cDNA for SynCom33_2.

[quant] fragment length distribution will be estimated from the data
Warning: you asked for 130, but only 128 cores on the machine
[index] k-mer length: 31
[index] number of targets: 48,359
[index] number of k-mers: 45,567,218
[index] number of equivalence classes: 93,973
[quant] running in paired-end mode
[quant] will process pair 1: /netscratch/dep_psl/grp_rgo/yniu/KaWaiFlg22/clean_data_1stadd/SynCom33_2_R1.fq.gz
                             /netscratch/dep_psl/grp_rgo/yniu/KaWaiFlg22/clean_data_1stadd/SynCom33_2_R2.fq.gz
[quant] finding pseudoalignments for the reads ... done
[quant] processed 10,958,603 reads, 5,469,620 reads pseudoaligned
[quant] estimated average fragment length: 289.574
[   em] quantifying the abundances ... done
[   em] the Expectation-Maximization algorithm ran for 1,047 rounds

HISAT2 using ath genome for SynCom33_2.
10958603 reads; of these:
  10958603 (100.00%) were paired; of these:
    7817449 (71.34%) aligned concordantly 0 times
    3051753 (27.85%) aligned concordantly exactly 1 time
    89401 (0.82%) aligned concordantly >1 times
    ----
    7817449 pairs aligned concordantly 0 times; of these:
      865518 (11.07%) aligned discordantly 1 time
    ----
    6951931 pairs aligned 0 times concordantly or discordantly; of these:
      13903862 mates make up the pairs; of these:
        10913080 (78.49%) aligned 0 times
        2848382 (20.49%) aligned exactly 1 time
        142400 (1.02%) aligned >1 times
50.21% overall alignment rate
[bam_sort_core] merging from 0 files and 130 in-memory blocks...
=====================================
====================================
Kallisto using ath cDNA for SynCom33_3.

[quant] fragment length distribution will be estimated from the data
Warning: you asked for 130, but only 128 cores on the machine
[index] k-mer length: 31
[index] number of targets: 48,359
[index] number of k-mers: 45,567,218
[index] number of equivalence classes: 93,973
[quant] running in paired-end mode
[quant] will process pair 1: /netscratch/dep_psl/grp_rgo/yniu/KaWaiFlg22/clean_data_1stadd/SynCom33_3_R1.fq.gz
                             /netscratch/dep_psl/grp_rgo/yniu/KaWaiFlg22/clean_data_1stadd/SynCom33_3_R2.fq.gz
[quant] finding pseudoalignments for the reads ... done
[quant] processed 10,072,905 reads, 6,692,585 reads pseudoaligned
[quant] estimated average fragment length: 286.18
[   em] quantifying the abundances ... done
[   em] the Expectation-Maximization algorithm ran for 1,082 rounds

HISAT2 using ath genome for SynCom33_3.
10072905 reads; of these:
  10072905 (100.00%) were paired; of these:
    3427948 (34.03%) aligned concordantly 0 times
    6464762 (64.18%) aligned concordantly exactly 1 time
    180195 (1.79%) aligned concordantly >1 times
    ----
    3427948 pairs aligned concordantly 0 times; of these:
      3602 (0.11%) aligned discordantly 1 time
    ----
    3424346 pairs aligned 0 times concordantly or discordantly; of these:
      6848692 mates make up the pairs; of these:
        6650838 (97.11%) aligned 0 times
        185048 (2.70%) aligned exactly 1 time
        12806 (0.19%) aligned >1 times
66.99% overall alignment rate
[bam_sort_core] merging from 0 files and 130 in-memory blocks...
=====================================
====================================
Kallisto using ath cDNA for SynCom33_4.

[quant] fragment length distribution will be estimated from the data
Warning: you asked for 130, but only 128 cores on the machine
[index] k-mer length: 31
[index] number of targets: 48,359
[index] number of k-mers: 45,567,218
[index] number of equivalence classes: 93,973
[quant] running in paired-end mode
[quant] will process pair 1: /netscratch/dep_psl/grp_rgo/yniu/KaWaiFlg22/clean_data_1stadd/SynCom33_4_R1.fq.gz
                             /netscratch/dep_psl/grp_rgo/yniu/KaWaiFlg22/clean_data_1stadd/SynCom33_4_R2.fq.gz
[quant] finding pseudoalignments for the reads ... done
[quant] processed 9,805,819 reads, 5,503,129 reads pseudoaligned
[quant] estimated average fragment length: 294.044
[   em] quantifying the abundances ... done
[   em] the Expectation-Maximization algorithm ran for 1,000 rounds

HISAT2 using ath genome for SynCom33_4.
9805819 reads; of these:
  9805819 (100.00%) were paired; of these:
    6207125 (63.30%) aligned concordantly 0 times
    3492793 (35.62%) aligned concordantly exactly 1 time
    105901 (1.08%) aligned concordantly >1 times
    ----
    6207125 pairs aligned concordantly 0 times; of these:
      1201907 (19.36%) aligned discordantly 1 time
    ----
    5005218 pairs aligned 0 times concordantly or discordantly; of these:
      10010436 mates make up the pairs; of these:
        7188314 (71.81%) aligned 0 times
        2656280 (26.54%) aligned exactly 1 time
        165842 (1.66%) aligned >1 times
63.35% overall alignment rate
[bam_sort_core] merging from 0 files and 130 in-memory blocks...
=====================================
====================================
Kallisto using ath cDNA for SynCom33_Flg22_1.

[quant] fragment length distribution will be estimated from the data
Warning: you asked for 130, but only 128 cores on the machine
[index] k-mer length: 31
[index] number of targets: 48,359
[index] number of k-mers: 45,567,218
[index] number of equivalence classes: 93,973
[quant] running in paired-end mode
[quant] will process pair 1: /netscratch/dep_psl/grp_rgo/yniu/KaWaiFlg22/clean_data_1stadd/SynCom33_Flg22_1_R1.fq.gz
                             /netscratch/dep_psl/grp_rgo/yniu/KaWaiFlg22/clean_data_1stadd/SynCom33_Flg22_1_R2.fq.gz
[quant] finding pseudoalignments for the reads ... done
[quant] processed 8,204,361 reads, 4,955,282 reads pseudoaligned
[quant] estimated average fragment length: 280.15
[   em] quantifying the abundances ... done
[   em] the Expectation-Maximization algorithm ran for 1,059 rounds

HISAT2 using ath genome for SynCom33_Flg22_1.
8204361 reads; of these:
  8204361 (100.00%) were paired; of these:
    4263595 (51.97%) aligned concordantly 0 times
    3824412 (46.61%) aligned concordantly exactly 1 time
    116354 (1.42%) aligned concordantly >1 times
    ----
    4263595 pairs aligned concordantly 0 times; of these:
      754845 (17.70%) aligned discordantly 1 time
    ----
    3508750 pairs aligned 0 times concordantly or discordantly; of these:
      7017500 mates make up the pairs; of these:
        5406846 (77.05%) aligned 0 times
        1513886 (21.57%) aligned exactly 1 time
        96768 (1.38%) aligned >1 times
67.05% overall alignment rate
[bam_sort_core] merging from 0 files and 130 in-memory blocks...
=====================================
====================================
Kallisto using ath cDNA for SynCom33_Flg22_2.

[quant] fragment length distribution will be estimated from the data
Warning: you asked for 130, but only 128 cores on the machine
[index] k-mer length: 31
[index] number of targets: 48,359
[index] number of k-mers: 45,567,218
[index] number of equivalence classes: 93,973
[quant] running in paired-end mode
[quant] will process pair 1: /netscratch/dep_psl/grp_rgo/yniu/KaWaiFlg22/clean_data_1stadd/SynCom33_Flg22_2_R1.fq.gz
                             /netscratch/dep_psl/grp_rgo/yniu/KaWaiFlg22/clean_data_1stadd/SynCom33_Flg22_2_R2.fq.gz
[quant] finding pseudoalignments for the reads ... done
[quant] processed 9,054,576 reads, 5,245,165 reads pseudoaligned
[quant] estimated average fragment length: 282.684
[   em] quantifying the abundances ... done
[   em] the Expectation-Maximization algorithm ran for 1,102 rounds

HISAT2 using ath genome for SynCom33_Flg22_2.
9054576 reads; of these:
  9054576 (100.00%) were paired; of these:
    5114088 (56.48%) aligned concordantly 0 times
    3811951 (42.10%) aligned concordantly exactly 1 time
    128537 (1.42%) aligned concordantly >1 times
    ----
    5114088 pairs aligned concordantly 0 times; of these:
      844390 (16.51%) aligned discordantly 1 time
    ----
    4269698 pairs aligned 0 times concordantly or discordantly; of these:
      8539396 mates make up the pairs; of these:
        6521458 (76.37%) aligned 0 times
        1885791 (22.08%) aligned exactly 1 time
        132147 (1.55%) aligned >1 times
63.99% overall alignment rate
[bam_sort_core] merging from 0 files and 130 in-memory blocks...
=====================================
====================================
Kallisto using ath cDNA for SynCom33_Flg22_3.

[quant] fragment length distribution will be estimated from the data
Warning: you asked for 130, but only 128 cores on the machine
[index] k-mer length: 31
[index] number of targets: 48,359
[index] number of k-mers: 45,567,218
[index] number of equivalence classes: 93,973
[quant] running in paired-end mode
[quant] will process pair 1: /netscratch/dep_psl/grp_rgo/yniu/KaWaiFlg22/clean_data_1stadd/SynCom33_Flg22_3_R1.fq.gz
                             /netscratch/dep_psl/grp_rgo/yniu/KaWaiFlg22/clean_data_1stadd/SynCom33_Flg22_3_R2.fq.gz
[quant] finding pseudoalignments for the reads ... done
[quant] processed 8,335,743 reads, 4,773,595 reads pseudoaligned
[quant] estimated average fragment length: 291.52
[   em] quantifying the abundances ... done
[   em] the Expectation-Maximization algorithm ran for 1,049 rounds

HISAT2 using ath genome for SynCom33_Flg22_3.
8335743 reads; of these:
  8335743 (100.00%) were paired; of these:
    4849362 (58.18%) aligned concordantly 0 times
    3385888 (40.62%) aligned concordantly exactly 1 time
    100493 (1.21%) aligned concordantly >1 times
    ----
    4849362 pairs aligned concordantly 0 times; of these:
      328532 (6.77%) aligned discordantly 1 time
    ----
    4520830 pairs aligned 0 times concordantly or discordantly; of these:
      9041660 mates make up the pairs; of these:
        7436412 (82.25%) aligned 0 times
        1534016 (16.97%) aligned exactly 1 time
        71232 (0.79%) aligned >1 times
55.39% overall alignment rate
[bam_sort_core] merging from 0 files and 130 in-memory blocks...
=====================================
====================================
Kallisto using ath cDNA for SynCom33_Flg22_4.

[quant] fragment length distribution will be estimated from the data
Warning: you asked for 130, but only 128 cores on the machine
[index] k-mer length: 31
[index] number of targets: 48,359
[index] number of k-mers: 45,567,218
[index] number of equivalence classes: 93,973
[quant] running in paired-end mode
[quant] will process pair 1: /netscratch/dep_psl/grp_rgo/yniu/KaWaiFlg22/clean_data_1stadd/SynCom33_Flg22_4_R1.fq.gz
                             /netscratch/dep_psl/grp_rgo/yniu/KaWaiFlg22/clean_data_1stadd/SynCom33_Flg22_4_R2.fq.gz
[quant] finding pseudoalignments for the reads ... done
[quant] processed 9,138,305 reads, 6,029,709 reads pseudoaligned
[quant] estimated average fragment length: 302.276
[   em] quantifying the abundances ... done
[   em] the Expectation-Maximization algorithm ran for 1,013 rounds

HISAT2 using ath genome for SynCom33_Flg22_4.
9138305 reads; of these:
  9138305 (100.00%) were paired; of these:
    3099623 (33.92%) aligned concordantly 0 times
    5856435 (64.09%) aligned concordantly exactly 1 time
    182247 (1.99%) aligned concordantly >1 times
    ----
    3099623 pairs aligned concordantly 0 times; of these:
      3612 (0.12%) aligned discordantly 1 time
    ----
    3096011 pairs aligned 0 times concordantly or discordantly; of these:
      6192022 mates make up the pairs; of these:
        6004150 (96.97%) aligned 0 times
        170680 (2.76%) aligned exactly 1 time
        17192 (0.28%) aligned >1 times
67.15% overall alignment rate
[bam_sort_core] merging from 0 files and 130 in-memory blocks...
=====================================
====================================
Kallisto using ath cDNA for SynCom35_1.

[quant] fragment length distribution will be estimated from the data
Warning: you asked for 130, but only 128 cores on the machine
[index] k-mer length: 31
[index] number of targets: 48,359
[index] number of k-mers: 45,567,218
[index] number of equivalence classes: 93,973
[quant] running in paired-end mode
[quant] will process pair 1: /netscratch/dep_psl/grp_rgo/yniu/KaWaiFlg22/clean_data_1stadd/SynCom35_1_R1.fq.gz
                             /netscratch/dep_psl/grp_rgo/yniu/KaWaiFlg22/clean_data_1stadd/SynCom35_1_R2.fq.gz
[quant] finding pseudoalignments for the reads ... done
[quant] processed 9,836,776 reads, 5,719,169 reads pseudoaligned
[quant] estimated average fragment length: 281.829
[   em] quantifying the abundances ... done
[   em] the Expectation-Maximization algorithm ran for 1,040 rounds

HISAT2 using ath genome for SynCom35_1.
9836776 reads; of these:
  9836776 (100.00%) were paired; of these:
    5383454 (54.73%) aligned concordantly 0 times
    4316070 (43.88%) aligned concordantly exactly 1 time
    137252 (1.40%) aligned concordantly >1 times
    ----
    5383454 pairs aligned concordantly 0 times; of these:
      826185 (15.35%) aligned discordantly 1 time
    ----
    4557269 pairs aligned 0 times concordantly or discordantly; of these:
      9114538 mates make up the pairs; of these:
        7164574 (78.61%) aligned 0 times
        1829962 (20.08%) aligned exactly 1 time
        120002 (1.32%) aligned >1 times
63.58% overall alignment rate
[bam_sort_core] merging from 0 files and 130 in-memory blocks...
=====================================
====================================
Kallisto using ath cDNA for SynCom35_2.

[quant] fragment length distribution will be estimated from the data
Warning: you asked for 130, but only 128 cores on the machine
[index] k-mer length: 31
[index] number of targets: 48,359
[index] number of k-mers: 45,567,218
[index] number of equivalence classes: 93,973
[quant] running in paired-end mode
[quant] will process pair 1: /netscratch/dep_psl/grp_rgo/yniu/KaWaiFlg22/clean_data_1stadd/SynCom35_2_R1.fq.gz
                             /netscratch/dep_psl/grp_rgo/yniu/KaWaiFlg22/clean_data_1stadd/SynCom35_2_R2.fq.gz
[quant] finding pseudoalignments for the reads ... done
[quant] processed 8,353,159 reads, 5,543,430 reads pseudoaligned
[quant] estimated average fragment length: 303.552
[   em] quantifying the abundances ... done
[   em] the Expectation-Maximization algorithm ran for 1,019 rounds

HISAT2 using ath genome for SynCom35_2.
8353159 reads; of these:
  8353159 (100.00%) were paired; of these:
    3552589 (42.53%) aligned concordantly 0 times
    4660369 (55.79%) aligned concordantly exactly 1 time
    140201 (1.68%) aligned concordantly >1 times
    ----
    3552589 pairs aligned concordantly 0 times; of these:
      1235652 (34.78%) aligned discordantly 1 time
    ----
    2316937 pairs aligned 0 times concordantly or discordantly; of these:
      4633874 mates make up the pairs; of these:
        2925655 (63.14%) aligned 0 times
        1577544 (34.04%) aligned exactly 1 time
        130675 (2.82%) aligned >1 times
82.49% overall alignment rate
[bam_sort_core] merging from 0 files and 130 in-memory blocks...
=====================================
====================================
Kallisto using ath cDNA for SynCom35_3.

[quant] fragment length distribution will be estimated from the data
Warning: you asked for 130, but only 128 cores on the machine
[index] k-mer length: 31
[index] number of targets: 48,359
[index] number of k-mers: 45,567,218
[index] number of equivalence classes: 93,973
[quant] running in paired-end mode
[quant] will process pair 1: /netscratch/dep_psl/grp_rgo/yniu/KaWaiFlg22/clean_data_1stadd/SynCom35_3_R1.fq.gz
                             /netscratch/dep_psl/grp_rgo/yniu/KaWaiFlg22/clean_data_1stadd/SynCom35_3_R2.fq.gz
[quant] finding pseudoalignments for the reads ... done
[quant] processed 8,025,669 reads, 6,394,011 reads pseudoaligned
[quant] estimated average fragment length: 296.286
[   em] quantifying the abundances ... done
[   em] the Expectation-Maximization algorithm ran for 1,060 rounds

HISAT2 using ath genome for SynCom35_3.
8025669 reads; of these:
  8025669 (100.00%) were paired; of these:
    1727964 (21.53%) aligned concordantly 0 times
    6118552 (76.24%) aligned concordantly exactly 1 time
    179153 (2.23%) aligned concordantly >1 times
    ----
    1727964 pairs aligned concordantly 0 times; of these:
      5138 (0.30%) aligned discordantly 1 time
    ----
    1722826 pairs aligned 0 times concordantly or discordantly; of these:
      3445652 mates make up the pairs; of these:
        3180512 (92.31%) aligned 0 times
        248496 (7.21%) aligned exactly 1 time
        16644 (0.48%) aligned >1 times
80.19% overall alignment rate
[bam_sort_core] merging from 0 files and 130 in-memory blocks...
=====================================
====================================
Kallisto using ath cDNA for SynCom35_4.

[quant] fragment length distribution will be estimated from the data
Warning: you asked for 130, but only 128 cores on the machine
[index] k-mer length: 31
[index] number of targets: 48,359
[index] number of k-mers: 45,567,218
[index] number of equivalence classes: 93,973
[quant] running in paired-end mode
[quant] will process pair 1: /netscratch/dep_psl/grp_rgo/yniu/KaWaiFlg22/clean_data_1stadd/SynCom35_4_R1.fq.gz
                             /netscratch/dep_psl/grp_rgo/yniu/KaWaiFlg22/clean_data_1stadd/SynCom35_4_R2.fq.gz
[quant] finding pseudoalignments for the reads ... done
[quant] processed 10,192,754 reads, 5,760,422 reads pseudoaligned
[quant] estimated average fragment length: 292.874
[   em] quantifying the abundances ... done
[   em] the Expectation-Maximization algorithm ran for 1,206 rounds

HISAT2 using ath genome for SynCom35_4.
10192754 reads; of these:
  10192754 (100.00%) were paired; of these:
    6038786 (59.25%) aligned concordantly 0 times
    4022308 (39.46%) aligned concordantly exactly 1 time
    131660 (1.29%) aligned concordantly >1 times
    ----
    6038786 pairs aligned concordantly 0 times; of these:
      933565 (15.46%) aligned discordantly 1 time
    ----
    5105221 pairs aligned 0 times concordantly or discordantly; of these:
      10210442 mates make up the pairs; of these:
        7810885 (76.50%) aligned 0 times
        2245709 (21.99%) aligned exactly 1 time
        153848 (1.51%) aligned >1 times
61.68% overall alignment rate
[bam_sort_core] merging from 0 files and 130 in-memory blocks...
=====================================
====================================
Kallisto using ath cDNA for SynCom35_Flg22_1.

[quant] fragment length distribution will be estimated from the data
Warning: you asked for 130, but only 128 cores on the machine
[index] k-mer length: 31
[index] number of targets: 48,359
[index] number of k-mers: 45,567,218
[index] number of equivalence classes: 93,973
[quant] running in paired-end mode
[quant] will process pair 1: /netscratch/dep_psl/grp_rgo/yniu/KaWaiFlg22/clean_data_1stadd/SynCom35_Flg22_1_R1.fq.gz
                             /netscratch/dep_psl/grp_rgo/yniu/KaWaiFlg22/clean_data_1stadd/SynCom35_Flg22_1_R2.fq.gz
[quant] finding pseudoalignments for the reads ... done
[quant] processed 8,839,012 reads, 5,001,138 reads pseudoaligned
[quant] estimated average fragment length: 289.773
[   em] quantifying the abundances ... done
[   em] the Expectation-Maximization algorithm ran for 1,028 rounds

HISAT2 using ath genome for SynCom35_Flg22_1.
8839012 reads; of these:
  8839012 (100.00%) were paired; of these:
    5136717 (58.11%) aligned concordantly 0 times
    3590828 (40.62%) aligned concordantly exactly 1 time
    111467 (1.26%) aligned concordantly >1 times
    ----
    5136717 pairs aligned concordantly 0 times; of these:
      771057 (15.01%) aligned discordantly 1 time
    ----
    4365660 pairs aligned 0 times concordantly or discordantly; of these:
      8731320 mates make up the pairs; of these:
        6814034 (78.04%) aligned 0 times
        1804805 (20.67%) aligned exactly 1 time
        112481 (1.29%) aligned >1 times
61.45% overall alignment rate
[bam_sort_core] merging from 0 files and 130 in-memory blocks...
=====================================
====================================
Kallisto using ath cDNA for SynCom35_Flg22_2.

[quant] fragment length distribution will be estimated from the data
Warning: you asked for 130, but only 128 cores on the machine
[index] k-mer length: 31
[index] number of targets: 48,359
[index] number of k-mers: 45,567,218
[index] number of equivalence classes: 93,973
[quant] running in paired-end mode
[quant] will process pair 1: /netscratch/dep_psl/grp_rgo/yniu/KaWaiFlg22/clean_data_1stadd/SynCom35_Flg22_2_R1.fq.gz
                             /netscratch/dep_psl/grp_rgo/yniu/KaWaiFlg22/clean_data_1stadd/SynCom35_Flg22_2_R2.fq.gz
[quant] finding pseudoalignments for the reads ... done
[quant] processed 8,489,058 reads, 4,940,043 reads pseudoaligned
[quant] estimated average fragment length: 304.702
[   em] quantifying the abundances ... done
[   em] the Expectation-Maximization algorithm ran for 1,058 rounds

HISAT2 using ath genome for SynCom35_Flg22_2.
8489058 reads; of these:
  8489058 (100.00%) were paired; of these:
    4714953 (55.54%) aligned concordantly 0 times
    3658840 (43.10%) aligned concordantly exactly 1 time
    115265 (1.36%) aligned concordantly >1 times
    ----
    4714953 pairs aligned concordantly 0 times; of these:
      723583 (15.35%) aligned discordantly 1 time
    ----
    3991370 pairs aligned 0 times concordantly or discordantly; of these:
      7982740 mates make up the pairs; of these:
        6183278 (77.46%) aligned 0 times
        1693310 (21.21%) aligned exactly 1 time
        106152 (1.33%) aligned >1 times
63.58% overall alignment rate
[bam_sort_core] merging from 0 files and 130 in-memory blocks...
=====================================
====================================
Kallisto using ath cDNA for SynCom35_Flg22_3.

[quant] fragment length distribution will be estimated from the data
Warning: you asked for 130, but only 128 cores on the machine
[index] k-mer length: 31
[index] number of targets: 48,359
[index] number of k-mers: 45,567,218
[index] number of equivalence classes: 93,973
[quant] running in paired-end mode
[quant] will process pair 1: /netscratch/dep_psl/grp_rgo/yniu/KaWaiFlg22/clean_data_1stadd/SynCom35_Flg22_3_R1.fq.gz
                             /netscratch/dep_psl/grp_rgo/yniu/KaWaiFlg22/clean_data_1stadd/SynCom35_Flg22_3_R2.fq.gz
[quant] finding pseudoalignments for the reads ... done
[quant] processed 8,476,158 reads, 5,914,061 reads pseudoaligned
[quant] estimated average fragment length: 304.151
[   em] quantifying the abundances ... done
[   em] the Expectation-Maximization algorithm ran for 1,047 rounds

HISAT2 using ath genome for SynCom35_Flg22_3.
8476158 reads; of these:
  8476158 (100.00%) were paired; of these:
    2582530 (30.47%) aligned concordantly 0 times
    5720504 (67.49%) aligned concordantly exactly 1 time
    173124 (2.04%) aligned concordantly >1 times
    ----
    2582530 pairs aligned concordantly 0 times; of these:
      3205 (0.12%) aligned discordantly 1 time
    ----
    2579325 pairs aligned 0 times concordantly or discordantly; of these:
      5158650 mates make up the pairs; of these:
        4974986 (96.44%) aligned 0 times
        169802 (3.29%) aligned exactly 1 time
        13862 (0.27%) aligned >1 times
70.65% overall alignment rate
[bam_sort_core] merging from 0 files and 130 in-memory blocks...
=====================================
====================================
Kallisto using ath cDNA for SynCom35_Flg22_4.

[quant] fragment length distribution will be estimated from the data
Warning: you asked for 130, but only 128 cores on the machine
[index] k-mer length: 31
[index] number of targets: 48,359
[index] number of k-mers: 45,567,218
[index] number of equivalence classes: 93,973
[quant] running in paired-end mode
[quant] will process pair 1: /netscratch/dep_psl/grp_rgo/yniu/KaWaiFlg22/clean_data_1stadd/SynCom35_Flg22_4_R1.fq.gz
                             /netscratch/dep_psl/grp_rgo/yniu/KaWaiFlg22/clean_data_1stadd/SynCom35_Flg22_4_R2.fq.gz
[quant] finding pseudoalignments for the reads ... done
[quant] processed 9,580,293 reads, 5,790,396 reads pseudoaligned
[quant] estimated average fragment length: 277.912
[   em] quantifying the abundances ... done
[   em] the Expectation-Maximization algorithm ran for 1,024 rounds

HISAT2 using ath genome for SynCom35_Flg22_4.
9580293 reads; of these:
  9580293 (100.00%) were paired; of these:
    4976509 (51.95%) aligned concordantly 0 times
    4453340 (46.48%) aligned concordantly exactly 1 time
    150444 (1.57%) aligned concordantly >1 times
    ----
    4976509 pairs aligned concordantly 0 times; of these:
      980993 (19.71%) aligned discordantly 1 time
    ----
    3995516 pairs aligned 0 times concordantly or discordantly; of these:
      7991032 mates make up the pairs; of these:
        5963960 (74.63%) aligned 0 times
        1883290 (23.57%) aligned exactly 1 time
        143782 (1.80%) aligned >1 times
68.87% overall alignment rate
[bam_sort_core] merging from 0 files and 130 in-memory blocks...
=====================================
